Dec 01, 2024 1:53:01 PM javafx.css.CssParser parse
WARNING: CSS Error parsing file:/C:/Users/HP/Desktop/SCD_Project/target/classes/Styling/CanvasContextMenuStyling.css: Expected LBRACE at [49,25]
Dec 01, 2024 1:55:11 PM javafx.css.CssParser parse
WARNING: CSS Error parsing file:/C:/Users/HP/Desktop/SCD_Project/target/classes/Styling/CanvasContextMenuStyling.css: Expected LBRACE at [49,25]
Dec 01, 2024 1:57:58 PM javafx.css.CssParser parse
WARNING: CSS Error parsing file:/C:/Users/HP/Desktop/SCD_Project/target/classes/Styling/CanvasContextMenuStyling.css: Expected LBRACE at [49,25]
Dec 01, 2024 2:00:03 PM javafx.css.CssParser parse
WARNING: CSS Error parsing file:/C:/Users/HP/Desktop/SCD_Project/target/classes/Styling/CanvasContextMenuStyling.css: Expected LBRACE at [55,25]
Dec 01, 2024 2:03:34 PM javafx.css.CssParser parse
WARNING: CSS Error parsing file:/C:/Users/HP/Desktop/SCD_Project/target/classes/Styling/CanvasContextMenuStyling.css: Expected LBRACE at [55,25]
Dec 01, 2024 2:04:06 PM javafx.css.CssParser parse
WARNING: CSS Error parsing file:/C:/Users/HP/Desktop/SCD_Project/target/classes/Styling/CanvasContextMenuStyling.css: Expected LBRACE at [55,25]
Dec 01, 2024 2:05:18 PM javafx.css.CssParser parse
WARNING: CSS Error parsing file:/C:/Users/HP/Desktop/SCD_Project/target/classes/Styling/CanvasContextMenuStyling.css: Expected LBRACE at [55,25]
Dec 01, 2024 2:05:47 PM javafx.css.CssParser parse
WARNING: CSS Error parsing file:/C:/Users/HP/Desktop/SCD_Project/target/classes/Styling/CanvasContextMenuStyling.css: Expected LBRACE at [55,25]
Dec 01, 2024 2:06:00 PM javafx.css.CssParser parse
WARNING: CSS Error parsing file:/C:/Users/HP/Desktop/SCD_Project/target/classes/Styling/CanvasContextMenuStyling.css: Expected LBRACE at [55,25]
Dec 01, 2024 2:06:18 PM javafx.css.CssParser declaration
WARNING: CSS Error parsing file:/C:/Users/HP/Desktop/SCD_Project/target/classes/Styling/CanvasContextMenuStyling.css: Expected '<font-weight>' while parsing '-fx-font-weight' at [29,21]
Dec 01, 2024 2:06:18 PM javafx.css.CssParser parse
WARNING: CSS Error parsing file:/C:/Users/HP/Desktop/SCD_Project/target/classes/Styling/CanvasContextMenuStyling.css: Expected LBRACE at [55,25]
Dec 01, 2024 2:07:36 PM javafx.css.CssParser parse
WARNING: CSS Error parsing file:/C:/Users/HP/Desktop/SCD_Project/target/classes/Styling/CanvasContextMenuStyling.css: Expected LBRACE at [55,25]
Dec 01, 2024 2:08:38 PM javafx.css.CssParser parse
WARNING: CSS Error parsing file:/C:/Users/HP/Desktop/SCD_Project/target/classes/Styling/CanvasContextMenuStyling.css: Expected LBRACE at [56,25]
Dec 01, 2024 2:10:34 PM javafx.css.CssParser declaration
WARNING: CSS Error parsing file:/C:/Users/HP/Desktop/SCD_Project/target/classes/Styling/CanvasContextMenuStyling.css: Expected '<font-weight>' while parsing '-fx-font-weight' at [30,24]
Dec 01, 2024 2:10:34 PM javafx.css.CssParser parse
WARNING: CSS Error parsing file:/C:/Users/HP/Desktop/SCD_Project/target/classes/Styling/CanvasContextMenuStyling.css: Expected LBRACE at [56,25]
Dec 01, 2024 2:11:40 PM javafx.css.CssParser parse
WARNING: CSS Error parsing file:/C:/Users/HP/Desktop/SCD_Project/target/classes/Styling/CanvasContextMenuStyling.css: Expected LBRACE at [56,25]
Dec 01, 2024 2:12:20 PM javafx.css.CssParser parse
WARNING: CSS Error parsing file:/C:/Users/HP/Desktop/SCD_Project/target/classes/Styling/CanvasContextMenuStyling.css: Expected LBRACE at [55,25]
Dec 01, 2024 2:12:39 PM javafx.css.CssParser parse
WARNING: CSS Error parsing file:/C:/Users/HP/Desktop/SCD_Project/target/classes/Styling/CanvasContextMenuStyling.css: Expected LBRACE at [55,25]
Dec 01, 2024 2:14:34 PM javafx.css.CssParser parse
WARNING: CSS Error parsing file:/C:/Users/HP/Desktop/SCD_Project/target/classes/Styling/CanvasContextMenuStyling.css: Expected LBRACE at [57,25]
Dec 01, 2024 2:18:53 PM javafx.css.CssParser parse
WARNING: CSS Error parsing file:/C:/Users/HP/Desktop/SCD_Project/target/classes/Styling/CanvasContextMenuStyling.css: Expected LBRACE at [54,25]
Dec 01, 2024 2:20:35 PM javafx.css.CssParser parse
WARNING: CSS Error parsing file:/C:/Users/HP/Desktop/SCD_Project/target/classes/Styling/CanvasContextMenuStyling.css: Expected LBRACE at [56,25]
Dec 01, 2024 2:21:12 PM javafx.css.CssParser parse
WARNING: CSS Error parsing file:/C:/Users/HP/Desktop/SCD_Project/target/classes/Styling/CanvasContextMenuStyling.css: Expected LBRACE at [55,25]
Dec 01, 2024 2:33:00 PM javafx.css.CssParser parse
WARNING: CSS Error parsing file:/C:/Users/HP/Desktop/SCD_Project/target/classes/Styling/CanvasContextMenuStyling.css: Expected LBRACE at [55,25]
Dec 01, 2024 2:34:50 PM javafx.css.CssParser parse
WARNING: CSS Error parsing file:/C:/Users/HP/Desktop/SCD_Project/target/classes/Styling/CanvasContextMenuStyling.css: Expected LBRACE at [55,25]
Dec 01, 2024 2:38:22 PM javafx.css.CssParser parse
WARNING: CSS Error parsing file:/C:/Users/HP/Desktop/SCD_Project/target/classes/Styling/CanvasContextMenuStyling.css: Expected LBRACE at [55,25]
Dec 01, 2024 2:39:56 PM javafx.css.CssParser parse
WARNING: CSS Error parsing file:/C:/Users/HP/Desktop/SCD_Project/target/classes/Styling/CanvasContextMenuStyling.css: Expected LBRACE at [55,25]
Dec 01, 2024 4:37:39 PM com.sun.javafx.css.StyleManager loadStylesheetUnPrivileged
INFO: Could not find stylesheet: file:/C:/Users/HP/Desktop/SCD_Project/target/classes/views/Styling/MenuBarStyling.css
Dec 01, 2024 5:56:46 PM com.sun.javafx.css.StyleManager loadStylesheetUnPrivileged
WARNING: Resource "@/Styling/MenuBarStyling.css" not found.
Dec 01, 2024 6:03:38 PM com.sun.javafx.css.StyleManager loadStylesheetUnPrivileged
WARNING: Resource "/Styling/MenuBarStyling.css" not found.
Dec 01, 2024 6:04:33 PM com.sun.javafx.css.StyleManager loadStylesheetUnPrivileged
WARNING: Resource "/Styling/MenuBar.css" not found.
Dec 01, 2024 6:08:50 PM com.sun.javafx.css.StyleManager loadStylesheetUnPrivileged
WARNING: Resource "@Styling/MenuBarStyling.css" not found.
Dec 01, 2024 6:09:32 PM com.sun.javafx.css.StyleManager loadStylesheetUnPrivileged
WARNING: Resource "@/Styling/MenuBarStyling.css" not found.
